<?xml version="1.0" encoding="UTF-8"?>
<testsuite xmlns:xsi="http://www.w3.org/2001/XMLSchema-instance" xsi:noNamespaceSchemaLocation="https://maven.apache.org/surefire/maven-failsafe-plugin/xsd/failsafe-test-report.xsd" name="integration.AddressResolverIT" time="1.176" tests="3" errors="0" skipped="0" failures="0">
  <properties>
[...]
</properties>
  <testcase name="whenBadCoordidates_trhowBadArrayindex" classname="integration.AddressResolverIT" time="0.914"/>
  <testcase name="whenNullURLthrowException" classname="integration.AddressResolverIT" time="0.004"/>
  <testcase name="whenGoodCoordidates_returnAddress" classname="integration.AddressResolverIT" time="0.247"/>
</testsuite>